{
  "RSpec": {
    "coverage": {
      "/Users/showwin/Develop/Ruby/ShortUrlService/app/controllers/home_controller.rb": [
        1,
        1,
        null,
        1,
        null,
        null,
        1,
        0,
        0,
        0,
        null,
        0,
        0,
        null,
        null,
        0,
        0,
        0,
        null,
        null,
        null,
        1,
        0,
        0,
        null,
        null,
        null
      ],
      "/Users/showwin/Develop/Ruby/ShortUrlService/app/controllers/application_controller.rb": [
        1,
        null,
        null,
        1,
        null
      ]
    },
    "timestamp": 1414589524
  }
}
